Build started 5/17/2016 1:41:12 PM.
     1>Project "D:\Users\Shadow\Documents\GitHub\worms_game\CS134Game1.vcxproj" on node 2 (Build target(s)).
     1>ClCompile:
         C:\Program Files (x86)\Microsoft Visual Studio 12.0\VC\bin\CL.exe /c /ZI /nologo /W3 /WX- /sdl /Od /Oy- /D _CRT_SECURE_NO_WARNINGS /D _MBCS /Gm /EHsc /RTC1 /MDd /GS /fp:precise /Zc:wchar_t /Zc:forScope /Fo"Debug\\" /Fd"Debug\vc120.pdb" /Gd /TP /analyze- /errorReport:prompt Main.cpp
         Main.cpp
     1>d:\users\shadow\documents\github\worms_game\main.cpp(261): warning C4244: 'argument' : conversion from 'float' to 'int', possible loss of data
     1>d:\users\shadow\documents\github\worms_game\main.cpp(541): error C3861: 'setTransparent': identifier not found
     1>d:\users\shadow\documents\github\worms_game\main.cpp(751): warning C4800: 'bool *' : forcing value to bool 'true' or 'false' (performance warning)
     1>d:\users\shadow\documents\github\worms_game\main.cpp(752): warning C4800: 'bool *' : forcing value to bool 'true' or 'false' (performance warning)
     1>d:\users\shadow\documents\github\worms_game\main.cpp(753): warning C4800: 'bool *' : forcing value to bool 'true' or 'false' (performance warning)
     1>d:\users\shadow\documents\github\worms_game\main.cpp(754): warning C4800: 'bool *' : forcing value to bool 'true' or 'false' (performance warning)
     1>d:\users\shadow\documents\github\worms_game\main.cpp(759): warning C4800: 'bool *' : forcing value to bool 'true' or 'false' (performance warning)
     1>d:\users\shadow\documents\github\worms_game\main.cpp(772): warning C4800: 'bool *' : forcing value to bool 'true' or 'false' (performance warning)
     1>d:\users\shadow\documents\github\worms_game\main.cpp(1219): warning C4244: 'argument' : conversion from 'float' to 'int', possible loss of data
     1>d:\users\shadow\documents\github\worms_game\main.cpp(1224): warning C4554: '&' : check operator precedence for possible error; use parentheses to clarify precedence
     1>d:\users\shadow\documents\github\worms_game\main.cpp(1337): warning C4018: '<' : signed/unsigned mismatch
     1>d:\users\shadow\documents\github\worms_game\main.cpp(1343): warning C4018: '<' : signed/unsigned mismatch
     1>d:\users\shadow\documents\github\worms_game\main.cpp(1356): warning C4018: '<' : signed/unsigned mismatch
     1>d:\users\shadow\documents\github\worms_game\main.cpp(1359): warning C4244: 'argument' : conversion from 'int' to 'float', possible loss of data
     1>d:\users\shadow\documents\github\worms_game\main.cpp(1370): warning C4018: '<' : signed/unsigned mismatch
     1>d:\users\shadow\documents\github\worms_game\main.cpp(1373): warning C4244: 'argument' : conversion from 'int' to 'float', possible loss of data
     1>d:\users\shadow\documents\github\worms_game\main.cpp(1403): warning C4018: '<' : signed/unsigned mismatch
     1>d:\users\shadow\documents\github\worms_game\main.cpp(1405): warning C4244: 'argument' : conversion from 'int' to 'float', possible loss of data
     1>d:\users\shadow\documents\github\worms_game\main.cpp(1419): warning C4244: 'argument' : conversion from 'int' to 'float', possible loss of data
     1>d:\users\shadow\documents\github\worms_game\main.cpp(1455): warning C4244: 'argument' : conversion from 'int' to 'float', possible loss of data
     1>d:\users\shadow\documents\github\worms_game\main.cpp(1500): warning C4244: 'argument' : conversion from 'int' to 'float', possible loss of data
     1>d:\users\shadow\documents\github\worms_game\main.cpp(1501): warning C4244: 'argument' : conversion from 'int' to 'float', possible loss of data
     1>d:\users\shadow\documents\github\worms_game\main.cpp(1502): warning C4244: 'argument' : conversion from 'int' to 'float', possible loss of data
     1>d:\users\shadow\documents\github\worms_game\main.cpp(1515): warning C4244: '=' : conversion from 'Uint32' to 'float', possible loss of data
     1>d:\users\shadow\documents\github\worms_game\main.cpp(1601): warning C4244: 'argument' : conversion from 'float' to 'int', possible loss of data
     1>d:\users\shadow\documents\github\worms_game\main.cpp(1622): warning C4244: 'argument' : conversion from 'float' to 'int', possible loss of data
     1>d:\users\shadow\documents\github\worms_game\main.cpp(1623): warning C4244: '=' : conversion from 'int' to 'float', possible loss of data
     1>d:\users\shadow\documents\github\worms_game\main.cpp(1624): warning C4244: '=' : conversion from 'int' to 'float', possible loss of data
     1>d:\users\shadow\documents\github\worms_game\main.cpp(1649): warning C4244: 'argument' : conversion from 'float' to 'int', possible loss of data
     1>d:\users\shadow\documents\github\worms_game\main.cpp(1656): warning C4244: 'argument' : conversion from 'float' to 'int', possible loss of data
     1>d:\users\shadow\documents\github\worms_game\main.cpp(1665): warning C4244: 'argument' : conversion from 'int' to 'float', possible loss of data
     1>d:\users\shadow\documents\github\worms_game\main.cpp(1666): warning C4244: 'argument' : conversion from 'float' to 'int', possible loss of data
     1>d:\users\shadow\documents\github\worms_game\main.cpp(1667): warning C4244: 'argument' : conversion from 'float' to 'int', possible loss of data
     1>d:\users\shadow\documents\github\worms_game\main.cpp(1668): warning C4244: 'argument' : conversion from 'float' to 'int', possible loss of data
     1>d:\users\shadow\documents\github\worms_game\main.cpp(1676): warning C4244: 'argument' : conversion from 'int' to 'float', possible loss of data
     1>d:\users\shadow\documents\github\worms_game\main.cpp(1690): warning C4244: 'argument' : conversion from 'float' to 'int', possible loss of data
     1>d:\users\shadow\documents\github\worms_game\main.cpp(1694): warning C4244: 'argument' : conversion from 'float' to 'int', possible loss of data
     1>d:\users\shadow\documents\github\worms_game\main.cpp(1702): warning C4018: '<' : signed/unsigned mismatch
     1>d:\users\shadow\documents\github\worms_game\main.cpp(1706): warning C4244: 'argument' : conversion from 'float' to 'int', possible loss of data
     1>Done Building Project "D:\Users\Shadow\Documents\GitHub\worms_game\CS134Game1.vcxproj" (Build target(s)) -- FAILED.

Build FAILED.

Time Elapsed 00:00:00.38
